TN:
SF:src/modules/appointments/services/CreateAppointmentService.ts
FN:13,(anonymous_18)
FN:14,CreateAppointmentService
FN:19,(anonymous_20)
FNF:3
FNH:3
FNDA:1,(anonymous_18)
FNDA:2,CreateAppointmentService
FNDA:3,(anonymous_20)
DA:1,1
DA:2,1
DA:4,1
DA:13,1
DA:16,2
DA:19,3
DA:20,3
DA:22,3
DA:23,3
DA:25,3
DA:26,1
DA:29,2
DA:34,2
DA:36,1
DA:38,1
LF:15
LH:15
BRDA:25,0,0,1
BRF:1
BRH:1
end_of_record
TN:
SF:src/modules/users/services/AuthenticateUserService.ts
FN:21,(anonymous_18)
FN:22,AuthenticateUserService
FN:29,(anonymous_20)
FNF:3
FNH:3
FNDA:1,(anonymous_18)
FNDA:3,AuthenticateUserService
FNDA:3,(anonymous_20)
DA:1,1
DA:2,1
DA:3,1
DA:4,1
DA:21,1
DA:23,3
DA:26,3
DA:29,3
DA:30,3
DA:32,3
DA:33,1
DA:36,2
DA:41,2
DA:42,1
DA:45,1
DA:47,1
DA:52,1
DA:57,1
DA:59,1
LF:19
LH:19
BRDA:30,0,0,3
BRDA:32,1,0,1
BRDA:41,2,0,1
BRF:3
BRH:3
end_of_record
TN:
SF:src/modules/users/services/CreateUserService.ts
FN:14,(anonymous_18)
FN:15,CreateUserService
FN:23,(anonymous_20)
FNF:3
FNH:3
FNDA:2,(anonymous_18)
FNDA:4,CreateUserService
FNDA:5,(anonymous_20)
DA:1,2
DA:3,2
DA:14,2
DA:17,4
DA:20,4
DA:23,5
DA:24,5
DA:26,5
DA:27,1
DA:30,4
DA:32,4
DA:38,4
DA:40,2
DA:42,2
LF:14
LH:14
BRDA:24,0,0,5
BRDA:26,1,0,1
BRF:2
BRH:2
end_of_record
TN:
SF:src/modules/users/services/RecoveryPasswordEmailService.ts
FN:12,(anonymous_18)
FN:13,RecoveryPasswordEmailService
FN:24,(anonymous_20)
FNF:3
FNH:3
FNDA:1,(anonymous_18)
FNDA:3,RecoveryPasswordEmailService
FNDA:3,(anonymous_20)
DA:1,1
DA:3,1
DA:12,1
DA:15,3
DA:18,3
DA:21,3
DA:24,3
DA:25,3
DA:27,3
DA:28,1
DA:31,4
DA:33,2
DA:38,1
DA:40,1
LF:14
LH:14
BRDA:25,0,0,3
BRDA:27,1,0,1
BRF:2
BRH:2
end_of_record
TN:
SF:src/modules/users/services/UpdateUserAvatarService.ts
FN:13,(anonymous_18)
FN:14,UpdateUserAvatarService
FN:19,(anonymous_20)
FNF:3
FNH:3
FNDA:1,(anonymous_18)
FNDA:3,UpdateUserAvatarService
FNDA:4,(anonymous_20)
DA:1,1
DA:3,1
DA:13,1
DA:15,3
DA:16,3
DA:19,4
DA:20,4
DA:22,4
DA:23,1
DA:26,5
DA:27,2
DA:30,3
DA:32,3
DA:34,6
DA:36,3
DA:38,1
DA:40,1
LF:17
LH:17
BRDA:20,0,0,4
BRDA:20,0,1,3
BRDA:22,1,0,1
BRDA:26,2,0,2
BRF:4
BRH:4
end_of_record
